2018-10-03 00:00:02,029 DEBU root Last attempt: 2018-10-02T18:00:01Z
2018-10-03 00:00:02,029 DEBU root Last success: 2018-10-02T18:00:01Z
2018-10-03 00:00:02,029 INFO root Writing last-update file
2018-10-03 00:00:02,030 INFO root Query: 'collection:archivebot oai_updatedate:[2018-10-02T18:00:01Z TO null]'
2018-10-03 00:00:03,297 INFO root Processing item archiveteam_archivebot_go_20170706230002
2018-10-03 00:00:03,297 INFO root Skipping archiveteam_archivebot_go_20170706230002.cdx.idx
2018-10-03 00:00:03,297 INFO root Skipping archiveteam_archivebot_go_20170706230002_archive.torrent
2018-10-03 00:00:03,298 INFO root Skipping archiveteam_archivebot_go_20170706230002_files.xml
2018-10-03 00:00:03,298 INFO root Skipping archiveteam_archivebot_go_20170706230002_meta.sqlite
2018-10-03 00:00:03,298 INFO root Skipping archiveteam_archivebot_go_20170706230002_meta.xml
2018-10-03 00:00:03,455 INFO root Processing item archiveteam_archivebot_go_20170724150001
2018-10-03 00:00:03,456 INFO root Skipping archiveteam_archivebot_go_20170724150001.cdx.idx
2018-10-03 00:00:03,456 INFO root Skipping archiveteam_archivebot_go_20170724150001_archive.torrent
2018-10-03 00:00:03,456 INFO root Skipping archiveteam_archivebot_go_20170724150001_files.xml
2018-10-03 00:00:03,456 INFO root Skipping archiveteam_archivebot_go_20170724150001_meta.sqlite
2018-10-03 00:00:03,456 INFO root Skipping archiveteam_archivebot_go_20170724150001_meta.xml
2018-10-03 00:00:03,616 INFO root Processing item archiveteam_archivebot_go_20171029150001
2018-10-03 00:00:03,616 INFO root Skipping archiveteam_archivebot_go_20171029150001.cdx.idx
2018-10-03 00:00:03,616 INFO root Skipping archiveteam_archivebot_go_20171029150001_archive.torrent
2018-10-03 00:00:03,617 INFO root Skipping archiveteam_archivebot_go_20171029150001_files.xml
2018-10-03 00:00:03,617 INFO root Skipping archiveteam_archivebot_go_20171029150001_meta.sqlite
2018-10-03 00:00:03,617 INFO root Skipping archiveteam_archivebot_go_20171029150001_meta.xml
2018-10-03 00:00:03,838 INFO root Processing item archiveteam_archivebot_go_20181001130001
2018-10-03 00:00:03,839 INFO root Skipping archiveteam_archivebot_go_20181001130001_archive.torrent
2018-10-03 00:00:03,839 INFO root Skipping archiveteam_archivebot_go_20181001130001_files.xml
2018-10-03 00:00:03,839 INFO root Skipping archiveteam_archivebot_go_20181001130001_meta.sqlite
2018-10-03 00:00:03,839 INFO root Skipping archiveteam_archivebot_go_20181001130001_meta.xml
2018-10-03 00:00:03,950 INFO root Processing item archiveteam_archivebot_go_20181002050002
2018-10-03 00:00:03,950 INFO root Skipping archiveteam_archivebot_go_20181002050002_files.xml
2018-10-03 00:00:03,950 INFO root Skipping archiveteam_archivebot_go_20181002050002_meta.sqlite
2018-10-03 00:00:03,951 INFO root Skipping archiveteam_archivebot_go_20181002050002_meta.xml
2018-10-03 00:00:04,180 INFO root Processing item archiveteam_archivebot_go_20181002120002
2018-10-03 00:00:04,181 ERRO root Size of academicearth.org-shallow-20181002-103008-d8f95-00000.warc.os.cdx.gz is missing
2018-10-03 00:00:04,181 ERRO root Mtime of academicearth.org-shallow-20181002-103008-d8f95-00000.warc.os.cdx.gz is missing
2018-10-03 00:00:04,181 ERRO root Size of academicearth.org-shallow-20181002-103008-d8f95-meta.warc.os.cdx.gz is missing
2018-10-03 00:00:04,181 ERRO root Mtime of academicearth.org-shallow-20181002-103008-d8f95-meta.warc.os.cdx.gz is missing
2018-10-03 00:00:04,181 ERRO root Size of academicearth.org-shallow-20181002-103039-7l8y3-00000.warc.os.cdx.gz is missing
2018-10-03 00:00:04,181 ERRO root Mtime of academicearth.org-shallow-20181002-103039-7l8y3-00000.warc.os.cdx.gz is missing
2018-10-03 00:00:04,181 ERRO root Size of academicearth.org-shallow-20181002-103039-7l8y3-meta.warc.os.cdx.gz is missing
2018-10-03 00:00:04,182 ERRO root Mtime of academicearth.org-shallow-20181002-103039-7l8y3-meta.warc.os.cdx.gz is missing
2018-10-03 00:00:04,182 ERRO root Size of academicearth.org-shallow-20181002-103054-5rtg4-00000.warc.os.cdx.gz is missing
2018-10-03 00:00:04,182 ERRO root Mtime of academicearth.org-shallow-20181002-103054-5rtg4-00000.warc.os.cdx.gz is missing
2018-10-03 00:00:04,182 ERRO root Size of academicearth.org-shallow-20181002-103054-5rtg4-meta.warc.os.cdx.gz is missing
2018-10-03 00:00:04,182 ERRO root Mtime of academicearth.org-shallow-20181002-103054-5rtg4-meta.warc.os.cdx.gz is missing
2018-10-03 00:00:04,182 ERRO root Size of academicearth.org-shallow-20181002-103208-by1jj-00000.warc.os.cdx.gz is missing
2018-10-03 00:00:04,182 ERRO root Mtime of academicearth.org-shallow-20181002-103208-by1jj-00000.warc.os.cdx.gz is missing
2018-10-03 00:00:04,182 ERRO root Size of academicearth.org-shallow-20181002-103208-by1jj-meta.warc.os.cdx.gz is missing
2018-10-03 00:00:04,182 ERRO root Mtime of academicearth.org-shallow-20181002-103208-by1jj-meta.warc.os.cdx.gz is missing
2018-10-03 00:00:04,183 ERRO root Size of academicearth.org-shallow-20181002-103338-ahgs0-00000.warc.os.cdx.gz is missing
2018-10-03 00:00:04,183 ERRO root Mtime of academicearth.org-shallow-20181002-103338-ahgs0-00000.warc.os.cdx.gz is missing
2018-10-03 00:00:04,183 ERRO root Size of academicearth.org-shallow-20181002-103338-ahgs0-meta.warc.os.cdx.gz is missing
2018-10-03 00:00:04,183 ERRO root Mtime of academicearth.org-shallow-20181002-103338-ahgs0-meta.warc.os.cdx.gz is missing
2018-10-03 00:00:04,183 ERRO root Size of academicearth.org-shallow-20181002-103453-30sdv-00000.warc.os.cdx.gz is missing
2018-10-03 00:00:04,183 ERRO root Mtime of academicearth.org-shallow-20181002-103453-30sdv-00000.warc.os.cdx.gz is missing
2018-10-03 00:00:04,183 ERRO root Size of academicearth.org-shallow-20181002-103453-30sdv-meta.warc.os.cdx.gz is missing
2018-10-03 00:00:04,183 ERRO root Mtime of academicearth.org-shallow-20181002-103453-30sdv-meta.warc.os.cdx.gz is missing
2018-10-03 00:00:04,183 ERRO root Size of academicearth.org-shallow-20181002-103550-bh3xe-00000.warc.os.cdx.gz is missing
2018-10-03 00:00:04,183 ERRO root Mtime of academicearth.org-shallow-20181002-103550-bh3xe-00000.warc.os.cdx.gz is missing
2018-10-03 00:00:04,184 ERRO root Size of academicearth.org-shallow-20181002-103550-bh3xe-meta.warc.os.cdx.gz is missing
2018-10-03 00:00:04,184 ERRO root Mtime of academicearth.org-shallow-20181002-103550-bh3xe-meta.warc.os.cdx.gz is missing
2018-10-03 00:00:04,184 ERRO root Size of academicearth.org-shallow-20181002-103939-6eyze-00000.warc.os.cdx.gz is missing
2018-10-03 00:00:04,184 ERRO root Mtime of academicearth.org-shallow-20181002-103939-6eyze-00000.warc.os.cdx.gz is missing
2018-10-03 00:00:04,184 ERRO root Size of academicearth.org-shallow-20181002-103939-6eyze-meta.warc.os.cdx.gz is missing
2018-10-03 00:00:04,184 ERRO root Mtime of academicearth.org-shallow-20181002-103939-6eyze-meta.warc.os.cdx.gz is missing
2018-10-03 00:00:04,184 ERRO root Size of academicearth.org-shallow-20181002-104011-2q2jf-00000.warc.os.cdx.gz is missing
2018-10-03 00:00:04,184 ERRO root Mtime of academicearth.org-shallow-20181002-104011-2q2jf-00000.warc.os.cdx.gz is missing
2018-10-03 00:00:04,184 ERRO root Size of academicearth.org-shallow-20181002-104011-2q2jf-meta.warc.os.cdx.gz is missing
2018-10-03 00:00:04,185 ERRO root Mtime of academicearth.org-shallow-20181002-104011-2q2jf-meta.warc.os.cdx.gz is missing
2018-10-03 00:00:04,185 ERRO root Size of academicearth.org-shallow-20181002-104137-6jbip-00000.warc.os.cdx.gz is missing
2018-10-03 00:00:04,185 ERRO root Mtime of academicearth.org-shallow-20181002-104137-6jbip-00000.warc.os.cdx.gz is missing
2018-10-03 00:00:04,185 ERRO root Size of academicearth.org-shallow-20181002-104137-6jbip-meta.warc.os.cdx.gz is missing
2018-10-03 00:00:04,185 ERRO root Mtime of academicearth.org-shallow-20181002-104137-6jbip-meta.warc.os.cdx.gz is missing
2018-10-03 00:00:04,185 ERRO root Size of academicearth.org-shallow-20181002-112946-vvqbj-00000.warc.os.cdx.gz is missing
2018-10-03 00:00:04,185 ERRO root Mtime of academicearth.org-shallow-20181002-112946-vvqbj-00000.warc.os.cdx.gz is missing
2018-10-03 00:00:04,185 ERRO root Size of academicearth.org-shallow-20181002-112946-vvqbj-meta.warc.os.cdx.gz is missing
2018-10-03 00:00:04,185 ERRO root Mtime of academicearth.org-shallow-20181002-112946-vvqbj-meta.warc.os.cdx.gz is missing
2018-10-03 00:00:04,185 ERRO root Size of academicearth.org-shallow-20181002-113140-5k7bc-00000.warc.os.cdx.gz is missing
2018-10-03 00:00:04,186 ERRO root Mtime of academicearth.org-shallow-20181002-113140-5k7bc-00000.warc.os.cdx.gz is missing
2018-10-03 00:00:04,186 ERRO root Size of academicearth.org-shallow-20181002-113140-5k7bc-meta.warc.os.cdx.gz is missing
2018-10-03 00:00:04,186 ERRO root Mtime of academicearth.org-shallow-20181002-113140-5k7bc-meta.warc.os.cdx.gz is missing
2018-10-03 00:00:04,186 ERRO root Size of academicearth.org-shallow-20181002-113706-vrydp-00000.warc.os.cdx.gz is missing
2018-10-03 00:00:04,186 ERRO root Mtime of academicearth.org-shallow-20181002-113706-vrydp-00000.warc.os.cdx.gz is missing
2018-10-03 00:00:04,186 ERRO root Size of academicearth.org-shallow-20181002-113706-vrydp-meta.warc.os.cdx.gz is missing
2018-10-03 00:00:04,186 ERRO root Mtime of academicearth.org-shallow-20181002-113706-vrydp-meta.warc.os.cdx.gz is missing
2018-10-03 00:00:04,186 ERRO root Size of answers.google.com-shallow-20181002-105313-ed6wb-00000.warc.os.cdx.gz is missing
2018-10-03 00:00:04,186 ERRO root Mtime of answers.google.com-shallow-20181002-105313-ed6wb-00000.warc.os.cdx.gz is missing
2018-10-03 00:00:04,186 ERRO root Size of answers.google.com-shallow-20181002-105313-ed6wb-meta.warc.os.cdx.gz is missing
2018-10-03 00:00:04,187 ERRO root Mtime of answers.google.com-shallow-20181002-105313-ed6wb-meta.warc.os.cdx.gz is missing
2018-10-03 00:00:04,187 ERRO root Size of answers.google.com-shallow-20181002-105438-eqdgg-00000.warc.os.cdx.gz is missing
2018-10-03 00:00:04,187 ERRO root Mtime of answers.google.com-shallow-20181002-105438-eqdgg-00000.warc.os.cdx.gz is missing
2018-10-03 00:00:04,187 ERRO root Size of answers.google.com-shallow-20181002-105438-eqdgg-meta.warc.os.cdx.gz is missing
2018-10-03 00:00:04,187 ERRO root Mtime of answers.google.com-shallow-20181002-105438-eqdgg-meta.warc.os.cdx.gz is missing
2018-10-03 00:00:04,187 ERRO root Size of answers.google.com-shallow-20181002-105544-2d3fq-00000.warc.os.cdx.gz is missing
2018-10-03 00:00:04,187 ERRO root Mtime of answers.google.com-shallow-20181002-105544-2d3fq-00000.warc.os.cdx.gz is missing
2018-10-03 00:00:04,187 ERRO root Size of answers.google.com-shallow-20181002-105544-2d3fq-meta.warc.os.cdx.gz is missing
2018-10-03 00:00:04,187 ERRO root Mtime of answers.google.com-shallow-20181002-105544-2d3fq-meta.warc.os.cdx.gz is missing
2018-10-03 00:00:04,187 ERRO root Size of answers.google.com-shallow-20181002-105746-cplgi-00000.warc.os.cdx.gz is missing
2018-10-03 00:00:04,188 ERRO root Mtime of answers.google.com-shallow-20181002-105746-cplgi-00000.warc.os.cdx.gz is missing
2018-10-03 00:00:04,188 ERRO root Size of answers.google.com-shallow-20181002-105746-cplgi-meta.warc.os.cdx.gz is missing
2018-10-03 00:00:04,188 ERRO root Mtime of answers.google.com-shallow-20181002-105746-cplgi-meta.warc.os.cdx.gz is missing
2018-10-03 00:00:04,188 ERRO root Size of answers.google.com-shallow-20181002-105831-74s1j-00000.warc.os.cdx.gz is missing
2018-10-03 00:00:04,188 ERRO root Mtime of answers.google.com-shallow-20181002-105831-74s1j-00000.warc.os.cdx.gz is missing
2018-10-03 00:00:04,188 ERRO root Size of answers.google.com-shallow-20181002-105831-74s1j-meta.warc.os.cdx.gz is missing
2018-10-03 00:00:04,188 ERRO root Mtime of answers.google.com-shallow-20181002-105831-74s1j-meta.warc.os.cdx.gz is missing
2018-10-03 00:00:04,188 ERRO root Size of answers.google.com-shallow-20181002-115342-eql6u-00000.warc.os.cdx.gz is missing
2018-10-03 00:00:04,188 ERRO root Mtime of answers.google.com-shallow-20181002-115342-eql6u-00000.warc.os.cdx.gz is missing
2018-10-03 00:00:04,189 ERRO root Size of answers.google.com-shallow-20181002-115342-eql6u-meta.warc.os.cdx.gz is missing
2018-10-03 00:00:04,189 ERRO root Mtime of answers.google.com-shallow-20181002-115342-eql6u-meta.warc.os.cdx.gz is missing
2018-10-03 00:00:04,189 ERRO root Size of answers.google.com-shallow-20181002-115427-5e4jd-00000.warc.os.cdx.gz is missing
2018-10-03 00:00:04,189 ERRO root Mtime of answers.google.com-shallow-20181002-115427-5e4jd-00000.warc.os.cdx.gz is missing
2018-10-03 00:00:04,189 ERRO root Size of answers.google.com-shallow-20181002-115427-5e4jd-meta.warc.os.cdx.gz is missing
2018-10-03 00:00:04,189 ERRO root Mtime of answers.google.com-shallow-20181002-115427-5e4jd-meta.warc.os.cdx.gz is missing
2018-10-03 00:00:04,189 ERRO root Size of answers.google.com-shallow-20181002-115725-3wq8v-00000.warc.os.cdx.gz is missing
2018-10-03 00:00:04,189 ERRO root Mtime of answers.google.com-shallow-20181002-115725-3wq8v-00000.warc.os.cdx.gz is missing
2018-10-03 00:00:04,189 ERRO root Size of answers.google.com-shallow-20181002-115725-3wq8v-meta.warc.os.cdx.gz is missing
2018-10-03 00:00:04,189 ERRO root Mtime of answers.google.com-shallow-20181002-115725-3wq8v-meta.warc.os.cdx.gz is missing
2018-10-03 00:00:04,189 INFO root Skipping archiveteam_archivebot_go_20181002120002_archive.torrent
2018-10-03 00:00:04,190 INFO root Skipping archiveteam_archivebot_go_20181002120002_files.xml
2018-10-03 00:00:04,190 INFO root Skipping archiveteam_archivebot_go_20181002120002_meta.sqlite
2018-10-03 00:00:04,190 INFO root Skipping archiveteam_archivebot_go_20181002120002_meta.xml
2018-10-03 00:00:04,190 ERRO root Size of cdn02.dayviews.com-shallow-20181002-113231-ecqsu-00000.warc.os.cdx.gz is missing
2018-10-03 00:00:04,190 ERRO root Mtime of cdn02.dayviews.com-shallow-20181002-113231-ecqsu-00000.warc.os.cdx.gz is missing
2018-10-03 00:00:04,190 ERRO root Size of edjimy.tian.yam.com-inf-20180930-121100-b0h9h-00014.warc.os.cdx.gz is missing
2018-10-03 00:00:04,190 ERRO root Mtime of edjimy.tian.yam.com-inf-20180930-121100-b0h9h-00014.warc.os.cdx.gz is missing
2018-10-03 00:00:04,190 ERRO root Size of edjimy.tian.yam.com-inf-20180930-121100-b0h9h-00015.warc.os.cdx.gz is missing
2018-10-03 00:00:04,190 ERRO root Mtime of edjimy.tian.yam.com-inf-20180930-121100-b0h9h-00015.warc.os.cdx.gz is missing
2018-10-03 00:00:04,190 ERRO root Size of edjimy.tian.yam.com-inf-20180930-121100-b0h9h-00016.warc.os.cdx.gz is missing
2018-10-03 00:00:04,190 ERRO root Mtime of edjimy.tian.yam.com-inf-20180930-121100-b0h9h-00016.warc.os.cdx.gz is missing
2018-10-03 00:00:04,191 ERRO root Size of en.wikipedia.org-shallow-20181002-111101-d85v5-00000.warc.os.cdx.gz is missing
2018-10-03 00:00:04,191 ERRO root Mtime of en.wikipedia.org-shallow-20181002-111101-d85v5-00000.warc.os.cdx.gz is missing
2018-10-03 00:00:04,191 ERRO root Size of faculty.mdanderson.org-shallow-20181002-110418-1lkex-00000.warc.os.cdx.gz is missing
2018-10-03 00:00:04,191 ERRO root Mtime of faculty.mdanderson.org-shallow-20181002-110418-1lkex-00000.warc.os.cdx.gz is missing
2018-10-03 00:00:04,191 ERRO root Size of faculty.mdanderson.org-shallow-20181002-110418-1lkex-meta.warc.os.cdx.gz is missing
2018-10-03 00:00:04,191 ERRO root Mtime of faculty.mdanderson.org-shallow-20181002-110418-1lkex-meta.warc.os.cdx.gz is missing
2018-10-03 00:00:04,191 ERRO root Size of greensing.ning.com-shallow-20181002-102251-c70iy-00000.warc.os.cdx.gz is missing
2018-10-03 00:00:04,191 ERRO root Mtime of greensing.ning.com-shallow-20181002-102251-c70iy-00000.warc.os.cdx.gz is missing
2018-10-03 00:00:04,191 ERRO root Size of greensing.ning.com-shallow-20181002-102251-c70iy-meta.warc.os.cdx.gz is missing
2018-10-03 00:00:04,191 ERRO root Mtime of greensing.ning.com-shallow-20181002-102251-c70iy-meta.warc.os.cdx.gz is missing
2018-10-03 00:00:04,191 ERRO root Size of iuoma-network.ning.com-shallow-20181002-102521-1b96z-00000.warc.os.cdx.gz is missing
2018-10-03 00:00:04,192 ERRO root Mtime of iuoma-network.ning.com-shallow-20181002-102521-1b96z-00000.warc.os.cdx.gz is missing
2018-10-03 00:00:04,192 ERRO root Size of iuoma-network.ning.com-shallow-20181002-102521-1b96z-meta.warc.os.cdx.gz is missing
2018-10-03 00:00:04,192 ERRO root Mtime of iuoma-network.ning.com-shallow-20181002-102521-1b96z-meta.warc.os.cdx.gz is missing
2018-10-03 00:00:04,192 ERRO root Size of legacy.zam.com-inf-20180914-182710-10rv3-00051.warc.os.cdx.gz is missing
2018-10-03 00:00:04,192 ERRO root Mtime of legacy.zam.com-inf-20180914-182710-10rv3-00051.warc.os.cdx.gz is missing
2018-10-03 00:00:04,192 ERRO root Size of legislature.camera.it-shallow-20181002-104657-c3dbm-00000.warc.os.cdx.gz is missing
2018-10-03 00:00:04,192 ERRO root Mtime of legislature.camera.it-shallow-20181002-104657-c3dbm-00000.warc.os.cdx.gz is missing
2018-10-03 00:00:04,192 ERRO root Size of legislature.camera.it-shallow-20181002-104657-c3dbm-meta.warc.os.cdx.gz is missing
2018-10-03 00:00:04,192 ERRO root Mtime of legislature.camera.it-shallow-20181002-104657-c3dbm-meta.warc.os.cdx.gz is missing
2018-10-03 00:00:04,193 ERRO root Size of letyourhairdownin.ning.com-shallow-20181002-102411-98g9h-00000.warc.os.cdx.gz is missing
2018-10-03 00:00:04,193 ERRO root Mtime of letyourhairdownin.ning.com-shallow-20181002-102411-98g9h-00000.warc.os.cdx.gz is missing
2018-10-03 00:00:04,193 ERRO root Size of letyourhairdownin.ning.com-shallow-20181002-102411-98g9h-meta.warc.os.cdx.gz is missing
2018-10-03 00:00:04,193 ERRO root Mtime of letyourhairdownin.ning.com-shallow-20181002-102411-98g9h-meta.warc.os.cdx.gz is missing
2018-10-03 00:00:04,193 ERRO root Size of letyourhairdownin.ning.com-shallow-20181002-102420-df0s0-00000.warc.os.cdx.gz is missing
2018-10-03 00:00:04,193 ERRO root Mtime of letyourhairdownin.ning.com-shallow-20181002-102420-df0s0-00000.warc.os.cdx.gz is missing
2018-10-03 00:00:04,193 ERRO root Size of letyourhairdownin.ning.com-shallow-20181002-102420-df0s0-meta.warc.os.cdx.gz is missing
2018-10-03 00:00:04,193 ERRO root Mtime of letyourhairdownin.ning.com-shallow-20181002-102420-df0s0-meta.warc.os.cdx.gz is missing
2018-10-03 00:00:04,193 ERRO root Size of news.sky.com-shallow-20181002-102842-4qint-00000.warc.os.cdx.gz is missing
2018-10-03 00:00:04,194 ERRO root Mtime of news.sky.com-shallow-20181002-102842-4qint-00000.warc.os.cdx.gz is missing
2018-10-03 00:00:04,194 ERRO root Size of news.sky.com-shallow-20181002-102842-4qint-meta.warc.os.cdx.gz is missing
2018-10-03 00:00:04,194 ERRO root Mtime of news.sky.com-shallow-20181002-102842-4qint-meta.warc.os.cdx.gz is missing
2018-10-03 00:00:04,194 ERRO root Size of orpheus.network-inf-20181002-113330-7mms3-00000.warc.os.cdx.gz is missing
2018-10-03 00:00:04,194 ERRO root Mtime of orpheus.network-inf-20181002-113330-7mms3-00000.warc.os.cdx.gz is missing
2018-10-03 00:00:04,194 ERRO root Size of orpheus.network-inf-20181002-113330-7mms3-meta.warc.os.cdx.gz is missing
2018-10-03 00:00:04,194 ERRO root Mtime of orpheus.network-inf-20181002-113330-7mms3-meta.warc.os.cdx.gz is missing
2018-10-03 00:00:04,194 ERRO root Size of pastebin.com-shallow-20181002-090441-6f22x-00000.warc.os.cdx.gz is missing
2018-10-03 00:00:04,195 ERRO root Mtime of pastebin.com-shallow-20181002-090441-6f22x-00000.warc.os.cdx.gz is missing
2018-10-03 00:00:04,195 ERRO root Size of pastebin.com-shallow-20181002-090441-6f22x-meta.warc.os.cdx.gz is missing
2018-10-03 00:00:04,195 ERRO root Mtime of pastebin.com-shallow-20181002-090441-6f22x-meta.warc.os.cdx.gz is missing
2018-10-03 00:00:04,195 ERRO root Size of pastebin.com-shallow-20181002-090513-83sb8-00000.warc.os.cdx.gz is missing
2018-10-03 00:00:04,195 ERRO root Mtime of pastebin.com-shallow-20181002-090513-83sb8-00000.warc.os.cdx.gz is missing
2018-10-03 00:00:04,195 ERRO root Size of pastebin.com-shallow-20181002-090513-83sb8-meta.warc.os.cdx.gz is missing
2018-10-03 00:00:04,195 ERRO root Mtime of pastebin.com-shallow-20181002-090513-83sb8-meta.warc.os.cdx.gz is missing
2018-10-03 00:00:04,195 ERRO root Size of pastebin.com-shallow-20181002-091010-dajc6-00000.warc.os.cdx.gz is missing
2018-10-03 00:00:04,195 ERRO root Mtime of pastebin.com-shallow-20181002-091010-dajc6-00000.warc.os.cdx.gz is missing
2018-10-03 00:00:04,196 ERRO root Size of pastebin.com-shallow-20181002-091010-dajc6-meta.warc.os.cdx.gz is missing
2018-10-03 00:00:04,196 ERRO root Mtime of pastebin.com-shallow-20181002-091010-dajc6-meta.warc.os.cdx.gz is missing
2018-10-03 00:00:04,196 ERRO root Size of pastebin.com-shallow-20181002-091215-dadnd-00000.warc.os.cdx.gz is missing
2018-10-03 00:00:04,196 ERRO root Mtime of pastebin.com-shallow-20181002-091215-dadnd-00000.warc.os.cdx.gz is missing
2018-10-03 00:00:04,196 ERRO root Size of pastebin.com-shallow-20181002-091215-dadnd-meta.warc.os.cdx.gz is missing
2018-10-03 00:00:04,196 ERRO root Mtime of pastebin.com-shallow-20181002-091215-dadnd-meta.warc.os.cdx.gz is missing
2018-10-03 00:00:04,196 ERRO root Size of runescape.wikia.com-inf-20180929-232416-780ml-00006.warc.os.cdx.gz is missing
2018-10-03 00:00:04,197 ERRO root Mtime of runescape.wikia.com-inf-20180929-232416-780ml-00006.warc.os.cdx.gz is missing
2018-10-03 00:00:04,197 ERRO root Size of telehack.com-inf-20181002-112907-96m46-00000.warc.os.cdx.gz is missing
2018-10-03 00:00:04,197 ERRO root Mtime of telehack.com-inf-20181002-112907-96m46-00000.warc.os.cdx.gz is missing
2018-10-03 00:00:04,197 ERRO root Size of telehack.com-inf-20181002-112907-96m46-meta.warc.os.cdx.gz is missing
2018-10-03 00:00:04,197 ERRO root Mtime of telehack.com-inf-20181002-112907-96m46-meta.warc.os.cdx.gz is missing
2018-10-03 00:00:04,197 ERRO root Size of twitter.com-shallow-20181002-111241-1k88m-00000.warc.os.cdx.gz is missing
2018-10-03 00:00:04,197 ERRO root Mtime of twitter.com-shallow-20181002-111241-1k88m-00000.warc.os.cdx.gz is missing
2018-10-03 00:00:04,197 ERRO root Size of upload.wikimedia.org-shallow-20181002-091606-6zqb4-00000.warc.os.cdx.gz is missing
2018-10-03 00:00:04,198 ERRO root Mtime of upload.wikimedia.org-shallow-20181002-091606-6zqb4-00000.warc.os.cdx.gz is missing
2018-10-03 00:00:04,198 ERRO root Size of upload.wikimedia.org-shallow-20181002-091606-6zqb4-meta.warc.os.cdx.gz is missing
2018-10-03 00:00:04,198 ERRO root Mtime of upload.wikimedia.org-shallow-20181002-091606-6zqb4-meta.warc.os.cdx.gz is missing
2018-10-03 00:00:04,198 ERRO root Size of upload.wikimedia.org-shallow-20181002-091607-8f41z-00000.warc.os.cdx.gz is missing
2018-10-03 00:00:04,198 ERRO root Mtime of upload.wikimedia.org-shallow-20181002-091607-8f41z-00000.warc.os.cdx.gz is missing
2018-10-03 00:00:04,198 ERRO root Size of upload.wikimedia.org-shallow-20181002-091607-8f41z-meta.warc.os.cdx.gz is missing
2018-10-03 00:00:04,198 ERRO root Mtime of upload.wikimedia.org-shallow-20181002-091607-8f41z-meta.warc.os.cdx.gz is missing
2018-10-03 00:00:04,198 ERRO root Size of urls-pastebin.com-QQgd3Mnw-inf-20181001-062849-j5tuw-00016.warc.os.cdx.gz is missing
2018-10-03 00:00:04,198 ERRO root Mtime of urls-pastebin.com-QQgd3Mnw-inf-20181001-062849-j5tuw-00016.warc.os.cdx.gz is missing
2018-10-03 00:00:04,199 ERRO root Size of urls-pastebin.com-QQgd3Mnw-inf-20181001-062849-j5tuw-00017.warc.os.cdx.gz is missing
2018-10-03 00:00:04,199 ERRO root Mtime of urls-pastebin.com-QQgd3Mnw-inf-20181001-062849-j5tuw-00017.warc.os.cdx.gz is missing
2018-10-03 00:00:04,199 ERRO root Size of urls-pastebin.com-QQgd3Mnw-inf-20181001-062849-j5tuw-00018.warc.os.cdx.gz is missing
2018-10-03 00:00:04,199 ERRO root Mtime of urls-pastebin.com-QQgd3Mnw-inf-20181001-062849-j5tuw-00018.warc.os.cdx.gz is missing
2018-10-03 00:00:04,199 ERRO root Size of urls-pastebin.com-QQgd3Mnw-inf-20181001-062849-j5tuw-00019.warc.os.cdx.gz is missing
2018-10-03 00:00:04,199 ERRO root Mtime of urls-pastebin.com-QQgd3Mnw-inf-20181001-062849-j5tuw-00019.warc.os.cdx.gz is missing
2018-10-03 00:00:04,199 ERRO root Size of urls-pastebin.com-QQgd3Mnw-inf-20181001-062849-j5tuw-00020.warc.os.cdx.gz is missing
2018-10-03 00:00:04,199 ERRO root Mtime of urls-pastebin.com-QQgd3Mnw-inf-20181001-062849-j5tuw-00020.warc.os.cdx.gz is missing
2018-10-03 00:00:04,200 ERRO root Size of urls-pastebin.com-WexC0XMB-inf-20181001-051840-5pljq-00001.warc.os.cdx.gz is missing
2018-10-03 00:00:04,200 ERRO root Mtime of urls-pastebin.com-WexC0XMB-inf-20181001-051840-5pljq-00001.warc.os.cdx.gz is missing
2018-10-03 00:00:04,200 ERRO root Size of urls-pastebin.com-WexC0XMB-inf-20181001-051840-5pljq-00002.warc.os.cdx.gz is missing
2018-10-03 00:00:04,200 ERRO root Mtime of urls-pastebin.com-WexC0XMB-inf-20181001-051840-5pljq-00002.warc.os.cdx.gz is missing
2018-10-03 00:00:04,200 ERRO root Size of urls-pastebin.com-WexC0XMB-inf-20181001-051840-5pljq-meta.warc.os.cdx.gz is missing
2018-10-03 00:00:04,200 ERRO root Mtime of urls-pastebin.com-WexC0XMB-inf-20181001-051840-5pljq-meta.warc.os.cdx.gz is missing
2018-10-03 00:00:04,200 ERRO root Size of urls-pastebin.com-YXuifWtQ-shallow-20181002-090710-djvhg-00000.warc.os.cdx.gz is missing
2018-10-03 00:00:04,200 ERRO root Mtime of urls-pastebin.com-YXuifWtQ-shallow-20181002-090710-djvhg-00000.warc.os.cdx.gz is missing
2018-10-03 00:00:04,201 ERRO root Size of urls-pastebin.com-YXuifWtQ-shallow-20181002-090710-djvhg-meta.warc.os.cdx.gz is missing
2018-10-03 00:00:04,201 ERRO root Mtime of urls-pastebin.com-YXuifWtQ-shallow-20181002-090710-djvhg-meta.warc.os.cdx.gz is missing
2018-10-03 00:00:04,201 ERRO root Size of urls-pastebin.com-i5eURG1R-inf-20181001-112326-2coac-00006.warc.os.cdx.gz is missing
2018-10-03 00:00:04,201 ERRO root Mtime of urls-pastebin.com-i5eURG1R-inf-20181001-112326-2coac-00006.warc.os.cdx.gz is missing
2018-10-03 00:00:04,201 ERRO root Size of urls-pastebin.com-i5eURG1R-inf-20181001-112326-2coac-00007.warc.os.cdx.gz is missing
2018-10-03 00:00:04,201 ERRO root Mtime of urls-pastebin.com-i5eURG1R-inf-20181001-112326-2coac-00007.warc.os.cdx.gz is missing
2018-10-03 00:00:04,201 ERRO root Size of urls-pastebin.com-i5eURG1R-inf-20181001-112326-2coac-00008.warc.os.cdx.gz is missing
2018-10-03 00:00:04,201 ERRO root Mtime of urls-pastebin.com-i5eURG1R-inf-20181001-112326-2coac-00008.warc.os.cdx.gz is missing
2018-10-03 00:00:04,553 INFO root Processing item archiveteam_archivebot_go_20181002160002
2018-10-03 00:00:04,554 INFO root Skipping archiveteam_archivebot_go_20181002160002_archive.torrent
2018-10-03 00:00:04,554 INFO root Skipping archiveteam_archivebot_go_20181002160002_files.xml
2018-10-03 00:00:04,554 INFO root Skipping archiveteam_archivebot_go_20181002160002_meta.sqlite
2018-10-03 00:00:04,554 INFO root Skipping archiveteam_archivebot_go_20181002160002_meta.xml
2018-10-03 00:00:04,554 ERRO root Size of biomediaproject.com-shallow-20181002-122447-2omt6-00000.warc.os.cdx.gz is missing
2018-10-03 00:00:04,554 ERRO root Mtime of biomediaproject.com-shallow-20181002-122447-2omt6-00000.warc.os.cdx.gz is missing
2018-10-03 00:00:04,555 ERRO root Size of en.wikipedia.org-shallow-20181002-120532-53k1c-00000.warc.os.cdx.gz is missing
2018-10-03 00:00:04,555 ERRO root Mtime of en.wikipedia.org-shallow-20181002-120532-53k1c-00000.warc.os.cdx.gz is missing
2018-10-03 00:00:04,896 INFO root Processing item archiveteam_archivebot_go_20181002200002
2018-10-03 00:00:04,897 INFO root Skipping archiveteam_archivebot_go_20181002200002_archive.torrent
2018-10-03 00:00:04,897 INFO root Skipping archiveteam_archivebot_go_20181002200002_files.xml
2018-10-03 00:00:04,897 INFO root Skipping archiveteam_archivebot_go_20181002200002_meta.sqlite
2018-10-03 00:00:04,897 INFO root Skipping archiveteam_archivebot_go_20181002200002_meta.xml
2018-10-03 00:00:05,072 INFO root Processing item archiveteam_archivebot_go_20181002230001
2018-10-03 00:00:05,072 INFO root Skipping archiveteam_archivebot_go_20181002230001_archive.torrent
2018-10-03 00:00:05,073 INFO root Skipping archiveteam_archivebot_go_20181002230001_files.xml
2018-10-03 00:00:05,073 INFO root Skipping archiveteam_archivebot_go_20181002230001_meta.sqlite
2018-10-03 00:00:05,073 INFO root Skipping archiveteam_archivebot_go_20181002230001_meta.xml
2018-10-03 00:00:05,254 INFO root Processing item archiveteam_archivebot_go_research_trust_salesforce_com_20170126
2018-10-03 00:00:05,255 INFO root Skipping archiveteam_archivebot_go_research_trust_salesforce_com_20170126.cdx.idx
2018-10-03 00:00:05,255 INFO root Skipping archiveteam_archivebot_go_research_trust_salesforce_com_20170126_archive.torrent
2018-10-03 00:00:05,255 INFO root Skipping archiveteam_archivebot_go_research_trust_salesforce_com_20170126_files.xml
2018-10-03 00:00:05,255 INFO root Skipping archiveteam_archivebot_go_research_trust_salesforce_com_20170126_meta.sqlite
2018-10-03 00:00:05,255 INFO root Skipping archiveteam_archivebot_go_research_trust_salesforce_com_20170126_meta.xml
2018-10-03 00:00:05,350 INFO root Processing item falconk_archivebot_about_abc_net_au_20161110
2018-10-03 00:00:05,351 INFO root Skipping falconk_archivebot_about_abc_net_au_20161110.cdx.idx
2018-10-03 00:00:05,351 INFO root Skipping falconk_archivebot_about_abc_net_au_20161110_archive.torrent
2018-10-03 00:00:05,351 INFO root Skipping falconk_archivebot_about_abc_net_au_20161110_files.xml
2018-10-03 00:00:05,351 INFO root Skipping falconk_archivebot_about_abc_net_au_20161110_meta.sqlite
2018-10-03 00:00:05,351 INFO root Skipping falconk_archivebot_about_abc_net_au_20161110_meta.xml
2018-10-03 00:00:05,549 INFO root Processing item falconk_archivebot_board_freedomainradio_com_20170321
2018-10-03 00:00:05,550 INFO root Skipping falconk_archivebot_board_freedomainradio_com_20170321.cdx.idx
2018-10-03 00:00:05,550 INFO root Skipping falconk_archivebot_board_freedomainradio_com_20170321_archive.torrent
2018-10-03 00:00:05,550 INFO root Skipping falconk_archivebot_board_freedomainradio_com_20170321_files.xml
2018-10-03 00:00:05,550 INFO root Skipping falconk_archivebot_board_freedomainradio_com_20170321_meta.sqlite
2018-10-03 00:00:05,550 INFO root Skipping falconk_archivebot_board_freedomainradio_com_20170321_meta.xml
2018-10-03 00:00:05,749 INFO root Processing item falconk_archivebot_espero_bialystok_pl_20170724
2018-10-03 00:00:05,749 INFO root Skipping falconk_archivebot_espero_bialystok_pl_20170724.cdx.idx
2018-10-03 00:00:05,749 INFO root Skipping falconk_archivebot_espero_bialystok_pl_20170724_archive.torrent
2018-10-03 00:00:05,749 INFO root Skipping falconk_archivebot_espero_bialystok_pl_20170724_files.xml
2018-10-03 00:00:05,749 INFO root Skipping falconk_archivebot_espero_bialystok_pl_20170724_meta.sqlite
2018-10-03 00:00:05,749 INFO root Skipping falconk_archivebot_espero_bialystok_pl_20170724_meta.xml
2018-10-03 00:00:05,869 INFO root Processing item falconk_archivebot_forum_ovh_cz_20170615
2018-10-03 00:00:05,869 INFO root Skipping falconk_archivebot_forum_ovh_cz_20170615.cdx.idx
2018-10-03 00:00:05,869 INFO root Skipping falconk_archivebot_forum_ovh_cz_20170615_archive.torrent
2018-10-03 00:00:05,869 INFO root Skipping falconk_archivebot_forum_ovh_cz_20170615_files.xml
2018-10-03 00:00:05,870 INFO root Skipping falconk_archivebot_forum_ovh_cz_20170615_meta.sqlite
2018-10-03 00:00:05,870 INFO root Skipping falconk_archivebot_forum_ovh_cz_20170615_meta.xml
2018-10-03 00:00:06,135 INFO root Processing item falconk_archivebot_forum_ovh_lt_20170615
2018-10-03 00:00:06,135 INFO root Skipping falconk_archivebot_forum_ovh_lt_20170615.cdx.idx
2018-10-03 00:00:06,135 INFO root Skipping falconk_archivebot_forum_ovh_lt_20170615_archive.torrent
2018-10-03 00:00:06,135 INFO root Skipping falconk_archivebot_forum_ovh_lt_20170615_files.xml
2018-10-03 00:00:06,135 INFO root Skipping falconk_archivebot_forum_ovh_lt_20170615_meta.sqlite
2018-10-03 00:00:06,136 INFO root Skipping falconk_archivebot_forum_ovh_lt_20170615_meta.xml
2018-10-03 00:00:06,224 INFO root Processing item falconk_archivebot_gnustep_wordpress_com_20170111
2018-10-03 00:00:06,225 INFO root Skipping falconk_archivebot_gnustep_wordpress_com_20170111.cdx.idx
2018-10-03 00:00:06,225 INFO root Skipping falconk_archivebot_gnustep_wordpress_com_20170111_archive.torrent
2018-10-03 00:00:06,225 INFO root Skipping falconk_archivebot_gnustep_wordpress_com_20170111_files.xml
2018-10-03 00:00:06,225 INFO root Skipping falconk_archivebot_gnustep_wordpress_com_20170111_meta.sqlite
2018-10-03 00:00:06,225 INFO root Skipping falconk_archivebot_gnustep_wordpress_com_20170111_meta.xml
2018-10-03 00:00:06,434 INFO root Processing item falconk_archivebot_m_huffpost_com_20170126
2018-10-03 00:00:06,434 INFO root Skipping falconk_archivebot_m_huffpost_com_20170126.cdx.idx
2018-10-03 00:00:06,434 INFO root Skipping falconk_archivebot_m_huffpost_com_20170126_archive.torrent
2018-10-03 00:00:06,434 INFO root Skipping falconk_archivebot_m_huffpost_com_20170126_files.xml
2018-10-03 00:00:06,434 INFO root Skipping falconk_archivebot_m_huffpost_com_20170126_meta.sqlite
2018-10-03 00:00:06,435 INFO root Skipping falconk_archivebot_m_huffpost_com_20170126_meta.xml
2018-10-03 00:00:06,524 INFO root Processing item falconk_archivebot_members_iinet_net_au_20170321
2018-10-03 00:00:06,524 INFO root Skipping falconk_archivebot_members_iinet_net_au_20170321.cdx.idx
2018-10-03 00:00:06,524 INFO root Skipping falconk_archivebot_members_iinet_net_au_20170321_archive.torrent
2018-10-03 00:00:06,524 INFO root Skipping falconk_archivebot_members_iinet_net_au_20170321_files.xml
2018-10-03 00:00:06,524 INFO root Skipping falconk_archivebot_members_iinet_net_au_20170321_meta.sqlite
2018-10-03 00:00:06,525 INFO root Skipping falconk_archivebot_members_iinet_net_au_20170321_meta.xml
2018-10-03 00:00:06,624 INFO root Processing item falconk_archivebot_milo_yiannopoulos_net_20161208
2018-10-03 00:00:06,625 INFO root Skipping falconk_archivebot_milo_yiannopoulos_net_20161208.cdx.idx
2018-10-03 00:00:06,625 INFO root Skipping falconk_archivebot_milo_yiannopoulos_net_20161208_archive.torrent
2018-10-03 00:00:06,625 INFO root Skipping falconk_archivebot_milo_yiannopoulos_net_20161208_files.xml
2018-10-03 00:00:06,625 INFO root Skipping falconk_archivebot_milo_yiannopoulos_net_20161208_meta.sqlite
2018-10-03 00:00:06,625 INFO root Skipping falconk_archivebot_milo_yiannopoulos_net_20161208_meta.xml
2018-10-03 00:00:06,757 INFO root Processing item falconk_archivebot_nblr_de_20170131
2018-10-03 00:00:06,758 INFO root Skipping falconk_archivebot_nblr_de_20170131.cdx.idx
2018-10-03 00:00:06,758 INFO root Skipping falconk_archivebot_nblr_de_20170131_archive.torrent
2018-10-03 00:00:06,758 INFO root Skipping falconk_archivebot_nblr_de_20170131_files.xml
2018-10-03 00:00:06,758 INFO root Skipping falconk_archivebot_nblr_de_20170131_meta.sqlite
2018-10-03 00:00:06,758 INFO root Skipping falconk_archivebot_nblr_de_20170131_meta.xml
2018-10-03 00:00:06,857 INFO root Processing item falconk_archivebot_newobserveronline_com_20170121
2018-10-03 00:00:06,859 INFO root Skipping falconk_archivebot_newobserveronline_com_20170121.cdx.idx
2018-10-03 00:00:06,859 INFO root Skipping falconk_archivebot_newobserveronline_com_20170121_archive.torrent
2018-10-03 00:00:06,860 INFO root Skipping falconk_archivebot_newobserveronline_com_20170121_files.xml
2018-10-03 00:00:06,860 INFO root Skipping falconk_archivebot_newobserveronline_com_20170121_meta.sqlite
2018-10-03 00:00:06,860 INFO root Skipping falconk_archivebot_newobserveronline_com_20170121_meta.xml
2018-10-03 00:00:07,063 INFO root Processing item falconk_archivebot_pagesix_com_20170831
2018-10-03 00:00:07,063 INFO root Skipping falconk_archivebot_pagesix_com_20170831.cdx.idx
2018-10-03 00:00:07,063 INFO root Skipping falconk_archivebot_pagesix_com_20170831_archive.torrent
2018-10-03 00:00:07,063 INFO root Skipping falconk_archivebot_pagesix_com_20170831_files.xml
2018-10-03 00:00:07,063 INFO root Skipping falconk_archivebot_pagesix_com_20170831_meta.sqlite
2018-10-03 00:00:07,063 INFO root Skipping falconk_archivebot_pagesix_com_20170831_meta.xml
2018-10-03 00:00:07,295 INFO root Processing item falconk_archivebot_repositoriosdigitales_mincyt_gob_ar_20170720
2018-10-03 00:00:07,296 INFO root Skipping falconk_archivebot_repositoriosdigitales_mincyt_gob_ar_20170720.cdx.idx
2018-10-03 00:00:07,296 INFO root Skipping falconk_archivebot_repositoriosdigitales_mincyt_gob_ar_20170720_archive.torrent
2018-10-03 00:00:07,296 INFO root Skipping falconk_archivebot_repositoriosdigitales_mincyt_gob_ar_20170720_files.xml
2018-10-03 00:00:07,296 INFO root Skipping falconk_archivebot_repositoriosdigitales_mincyt_gob_ar_20170720_meta.sqlite
2018-10-03 00:00:07,296 INFO root Skipping falconk_archivebot_repositoriosdigitales_mincyt_gob_ar_20170720_meta.xml
2018-10-03 00:00:07,401 INFO root Processing item falconk_archivebot_spiegel_de_20170623
2018-10-03 00:00:07,401 INFO root Skipping falconk_archivebot_spiegel_de_20170623.cdx.idx
2018-10-03 00:00:07,401 INFO root Skipping falconk_archivebot_spiegel_de_20170623_archive.torrent
2018-10-03 00:00:07,402 INFO root Skipping falconk_archivebot_spiegel_de_20170623_files.xml
2018-10-03 00:00:07,402 INFO root Skipping falconk_archivebot_spiegel_de_20170623_meta.sqlite
2018-10-03 00:00:07,402 INFO root Skipping falconk_archivebot_spiegel_de_20170623_meta.xml
2018-10-03 00:00:07,489 INFO root Processing item falconk_archivebot_supportforums_blackberry_com_20170327
2018-10-03 00:00:07,489 INFO root Skipping falconk_archivebot_supportforums_blackberry_com_20170327.cdx.idx
2018-10-03 00:00:07,490 INFO root Skipping falconk_archivebot_supportforums_blackberry_com_20170327_archive.torrent
2018-10-03 00:00:07,490 INFO root Skipping falconk_archivebot_supportforums_blackberry_com_20170327_files.xml
2018-10-03 00:00:07,490 INFO root Skipping falconk_archivebot_supportforums_blackberry_com_20170327_meta.sqlite
2018-10-03 00:00:07,490 INFO root Skipping falconk_archivebot_supportforums_blackberry_com_20170327_meta.xml
2018-10-03 00:00:07,583 INFO root Processing item falconk_archivebot_theanarchistlibrary_org_20170301
2018-10-03 00:00:07,583 INFO root Skipping falconk_archivebot_theanarchistlibrary_org_20170301.cdx.idx
2018-10-03 00:00:07,583 INFO root Skipping falconk_archivebot_theanarchistlibrary_org_20170301_archive.torrent
2018-10-03 00:00:07,583 INFO root Skipping falconk_archivebot_theanarchistlibrary_org_20170301_files.xml
2018-10-03 00:00:07,584 INFO root Skipping falconk_archivebot_theanarchistlibrary_org_20170301_meta.sqlite
2018-10-03 00:00:07,584 INFO root Skipping falconk_archivebot_theanarchistlibrary_org_20170301_meta.xml
2018-10-03 00:00:07,799 INFO root Processing item falconk_archivebot_thehill_com_20170730
2018-10-03 00:00:07,800 INFO root Skipping falconk_archivebot_thehill_com_20170730.cdx.idx
2018-10-03 00:00:07,800 INFO root Skipping falconk_archivebot_thehill_com_20170730_archive.torrent
2018-10-03 00:00:07,800 INFO root Skipping falconk_archivebot_thehill_com_20170730_files.xml
2018-10-03 00:00:07,800 INFO root Skipping falconk_archivebot_thehill_com_20170730_meta.sqlite
2018-10-03 00:00:07,800 INFO root Skipping falconk_archivebot_thehill_com_20170730_meta.xml
2018-10-03 00:00:07,899 INFO root Processing item falconk_archivebot_urls-savefanfiction_tk-website_txt_20170608
2018-10-03 00:00:07,900 INFO root Skipping falconk_archivebot_urls-savefanfiction_tk-website_txt_20170608.cdx.idx
2018-10-03 00:00:07,901 INFO root Skipping falconk_archivebot_urls-savefanfiction_tk-website_txt_20170608_archive.torrent
2018-10-03 00:00:07,901 INFO root Skipping falconk_archivebot_urls-savefanfiction_tk-website_txt_20170608_files.xml
2018-10-03 00:00:07,901 INFO root Skipping falconk_archivebot_urls-savefanfiction_tk-website_txt_20170608_meta.sqlite
2018-10-03 00:00:07,901 INFO root Skipping falconk_archivebot_urls-savefanfiction_tk-website_txt_20170608_meta.xml
2018-10-03 00:00:08,087 INFO root Processing item falconk_archivebot_welt_de_20170524
2018-10-03 00:00:08,087 INFO root Skipping falconk_archivebot_welt_de_20170524.cdx.idx
2018-10-03 00:00:08,087 INFO root Skipping falconk_archivebot_welt_de_20170524_archive.torrent
2018-10-03 00:00:08,087 INFO root Skipping falconk_archivebot_welt_de_20170524_files.xml
2018-10-03 00:00:08,087 INFO root Skipping falconk_archivebot_welt_de_20170524_meta.sqlite
2018-10-03 00:00:08,087 INFO root Skipping falconk_archivebot_welt_de_20170524_meta.xml
2018-10-03 00:00:08,181 INFO root Processing item falconk_archivebot_wien_orf_at_20170901
2018-10-03 00:00:08,182 INFO root Skipping falconk_archivebot_wien_orf_at_20170901.cdx.idx
2018-10-03 00:00:08,182 INFO root Skipping falconk_archivebot_wien_orf_at_20170901_archive.torrent
2018-10-03 00:00:08,182 INFO root Skipping falconk_archivebot_wien_orf_at_20170901_files.xml
2018-10-03 00:00:08,182 INFO root Skipping falconk_archivebot_wien_orf_at_20170901_meta.sqlite
2018-10-03 00:00:08,182 INFO root Skipping falconk_archivebot_wien_orf_at_20170901_meta.xml
2018-10-03 00:00:08,356 INFO root Processing item falconk_archivebot_www_aktivulo_net_20170430
2018-10-03 00:00:08,357 INFO root Skipping falconk_archivebot_www_aktivulo_net_20170430.cdx.idx
2018-10-03 00:00:08,357 INFO root Skipping falconk_archivebot_www_aktivulo_net_20170430_archive.torrent
2018-10-03 00:00:08,357 INFO root Skipping falconk_archivebot_www_aktivulo_net_20170430_files.xml
2018-10-03 00:00:08,357 INFO root Skipping falconk_archivebot_www_aktivulo_net_20170430_meta.sqlite
2018-10-03 00:00:08,357 INFO root Skipping falconk_archivebot_www_aktivulo_net_20170430_meta.xml
2018-10-03 00:00:08,560 INFO root Processing item falconk_archivebot_www_beatworm_co_uk_20170208
2018-10-03 00:00:08,560 INFO root Skipping falconk_archivebot_www_beatworm_co_uk_20170208.cdx.idx
2018-10-03 00:00:08,560 INFO root Skipping falconk_archivebot_www_beatworm_co_uk_20170208_archive.torrent
2018-10-03 00:00:08,560 INFO root Skipping falconk_archivebot_www_beatworm_co_uk_20170208_files.xml
2018-10-03 00:00:08,561 INFO root Skipping falconk_archivebot_www_beatworm_co_uk_20170208_meta.sqlite
2018-10-03 00:00:08,561 INFO root Skipping falconk_archivebot_www_beatworm_co_uk_20170208_meta.xml
2018-10-03 00:00:08,749 INFO root Processing item falconk_archivebot_www_dailymail_co_uk_20170604
2018-10-03 00:00:08,749 INFO root Skipping falconk_archivebot_www_dailymail_co_uk_20170604.cdx.idx
2018-10-03 00:00:08,749 INFO root Skipping falconk_archivebot_www_dailymail_co_uk_20170604_archive.torrent
2018-10-03 00:00:08,749 INFO root Skipping falconk_archivebot_www_dailymail_co_uk_20170604_files.xml
2018-10-03 00:00:08,749 INFO root Skipping falconk_archivebot_www_dailymail_co_uk_20170604_meta.sqlite
2018-10-03 00:00:08,749 INFO root Skipping falconk_archivebot_www_dailymail_co_uk_20170604_meta.xml
2018-10-03 00:00:08,990 INFO root Processing item falconk_archivebot_www_dailystormer_com_20170211
2018-10-03 00:00:08,991 INFO root Skipping falconk_archivebot_www_dailystormer_com_20170211.cdx.idx
2018-10-03 00:00:08,991 INFO root Skipping falconk_archivebot_www_dailystormer_com_20170211_archive.torrent
2018-10-03 00:00:08,991 INFO root Skipping falconk_archivebot_www_dailystormer_com_20170211_files.xml
2018-10-03 00:00:08,991 INFO root Skipping falconk_archivebot_www_dailystormer_com_20170211_meta.sqlite
2018-10-03 00:00:08,991 INFO root Skipping falconk_archivebot_www_dailystormer_com_20170211_meta.xml
2018-10-03 00:00:09,084 INFO root Processing item falconk_archivebot_www_ftrain_com_20170606
2018-10-03 00:00:09,085 INFO root Skipping falconk_archivebot_www_ftrain_com_20170606.cdx.idx
2018-10-03 00:00:09,085 INFO root Skipping falconk_archivebot_www_ftrain_com_20170606_archive.torrent
2018-10-03 00:00:09,085 INFO root Skipping falconk_archivebot_www_ftrain_com_20170606_files.xml
2018-10-03 00:00:09,085 INFO root Skipping falconk_archivebot_www_ftrain_com_20170606_meta.sqlite
2018-10-03 00:00:09,085 INFO root Skipping falconk_archivebot_www_ftrain_com_20170606_meta.xml
2018-10-03 00:00:09,174 INFO root Processing item falconk_archivebot_www_indiegogo_com_20170912
2018-10-03 00:00:09,174 INFO root Skipping falconk_archivebot_www_indiegogo_com_20170912.cdx.idx
2018-10-03 00:00:09,174 INFO root Skipping falconk_archivebot_www_indiegogo_com_20170912_archive.torrent
2018-10-03 00:00:09,174 INFO root Skipping falconk_archivebot_www_indiegogo_com_20170912_files.xml
2018-10-03 00:00:09,175 INFO root Skipping falconk_archivebot_www_indiegogo_com_20170912_meta.sqlite
2018-10-03 00:00:09,175 INFO root Skipping falconk_archivebot_www_indiegogo_com_20170912_meta.xml
2018-10-03 00:00:09,277 INFO root Processing item falconk_archivebot_www_iq_usp_br_20170415
2018-10-03 00:00:09,278 INFO root Skipping falconk_archivebot_www_iq_usp_br_20170415.cdx.idx
2018-10-03 00:00:09,278 INFO root Skipping falconk_archivebot_www_iq_usp_br_20170415_archive.torrent
2018-10-03 00:00:09,278 INFO root Skipping falconk_archivebot_www_iq_usp_br_20170415_files.xml
2018-10-03 00:00:09,278 INFO root Skipping falconk_archivebot_www_iq_usp_br_20170415_meta.sqlite
2018-10-03 00:00:09,278 INFO root Skipping falconk_archivebot_www_iq_usp_br_20170415_meta.xml
2018-10-03 00:00:09,604 INFO root Processing item falconk_archivebot_www_jihadwatch_org_20170121
2018-10-03 00:00:09,604 INFO root Skipping falconk_archivebot_www_jihadwatch_org_20170121.cdx.idx
2018-10-03 00:00:09,604 INFO root Skipping falconk_archivebot_www_jihadwatch_org_20170121_archive.torrent
2018-10-03 00:00:09,604 INFO root Skipping falconk_archivebot_www_jihadwatch_org_20170121_files.xml
2018-10-03 00:00:09,604 INFO root Skipping falconk_archivebot_www_jihadwatch_org_20170121_meta.sqlite
2018-10-03 00:00:09,604 INFO root Skipping falconk_archivebot_www_jihadwatch_org_20170121_meta.xml
2018-10-03 00:00:09,744 INFO root Processing item falconk_archivebot_www_lingscars_com_20170121
2018-10-03 00:00:09,744 INFO root Skipping falconk_archivebot_www_lingscars_com_20170121.cdx.idx
2018-10-03 00:00:09,744 INFO root Skipping falconk_archivebot_www_lingscars_com_20170121_archive.torrent
2018-10-03 00:00:09,744 INFO root Skipping falconk_archivebot_www_lingscars_com_20170121_files.xml
2018-10-03 00:00:09,745 INFO root Skipping falconk_archivebot_www_lingscars_com_20170121_meta.sqlite
2018-10-03 00:00:09,745 INFO root Skipping falconk_archivebot_www_lingscars_com_20170121_meta.xml
2018-10-03 00:00:09,920 INFO root Processing item falconk_archivebot_www_nbcnews_com_20161110
2018-10-03 00:00:09,921 INFO root Skipping falconk_archivebot_www_nbcnews_com_20161110.cdx.idx
2018-10-03 00:00:09,921 INFO root Skipping falconk_archivebot_www_nbcnews_com_20161110_archive.torrent
2018-10-03 00:00:09,921 INFO root Skipping falconk_archivebot_www_nbcnews_com_20161110_files.xml
2018-10-03 00:00:09,921 INFO root Skipping falconk_archivebot_www_nbcnews_com_20161110_meta.sqlite
2018-10-03 00:00:09,921 INFO root Skipping falconk_archivebot_www_nbcnews_com_20161110_meta.xml
2018-10-03 00:00:10,143 INFO root Processing item falconk_archivebot_www_shadowlordinc_com_20170302
2018-10-03 00:00:10,143 INFO root Skipping falconk_archivebot_www_shadowlordinc_com_20170302.cdx.idx
2018-10-03 00:00:10,144 INFO root Skipping falconk_archivebot_www_shadowlordinc_com_20170302_archive.torrent
2018-10-03 00:00:10,144 INFO root Skipping falconk_archivebot_www_shadowlordinc_com_20170302_files.xml
2018-10-03 00:00:10,144 INFO root Skipping falconk_archivebot_www_shadowlordinc_com_20170302_meta.sqlite
2018-10-03 00:00:10,144 INFO root Skipping falconk_archivebot_www_shadowlordinc_com_20170302_meta.xml
2018-10-03 00:00:10,343 INFO root Processing item falconk_archivebot_www_youtube_com_20170904
2018-10-03 00:00:10,343 INFO root Skipping falconk_archivebot_www_youtube_com_20170904.cdx.idx
2018-10-03 00:00:10,344 INFO root Skipping falconk_archivebot_www_youtube_com_20170904_archive.torrent
2018-10-03 00:00:10,344 INFO root Skipping falconk_archivebot_www_youtube_com_20170904_files.xml
2018-10-03 00:00:10,344 INFO root Skipping falconk_archivebot_www_youtube_com_20170904_meta.sqlite
2018-10-03 00:00:10,344 INFO root Skipping falconk_archivebot_www_youtube_com_20170904_meta.xml
2018-10-03 00:00:10,345 INFO root Writing last-update file
2018-10-03 00:00:10,345 INFO root Done
